
[30/04/2025::09:50:39] [TRY] READ "https://produto.mercadolivre.com.br/MLB-3473914083-mini-piano-com-bailarina-caixinha-de-musica-decorativa-_JM#polycard_client=recommendations_home_second-best-navigation-trend-recommendations&reco_backend=machinalis-homes-univb&reco_client=home_second-best-navigation-trend-recommendations&reco_item_pos=2&reco_backend_type=function&reco_id=dd2656ba-4fdd-4722-8629-bffeb2513d79&wid=MLB3473914083&sid=recos&c_id=/home/second-best-navigation-trend-recommendations/element&c_uid=98c0811c-d0e0-4eb8-8cf5-4daad3175a16"
[30/04/2025::09:50:43] READ "https://produto.mercadolivre.com.br/MLB-3473914083-mini-piano-com-bailarina-caixinha-de-musica-decorativa-_JM#polycard_client=recommendations_home_second-best-navigation-trend-recommendations&reco_backend=machinalis-homes-univb&reco_client=home_second-best-navigation-trend-recommendations&reco_item_pos=2&reco_backend_type=function&reco_id=dd2656ba-4fdd-4722-8629-bffeb2513d79&wid=MLB3473914083&sid=recos&c_id=/home/second-best-navigation-trend-recommendations/element&c_uid=98c0811c-d0e0-4eb8-8cf5-4daad3175a16"
[30/04/2025::09:57:36] [TRY] READ "https://produto.mercadolivre.com.br/MLB-3473914083-mini-piano-com-bailarina-caixinha-de-musica-decorativa-_JM#polycard_client=recommendations_home_second-best-navigation-trend-recommendations&reco_backend=machinalis-homes-univb&reco_client=home_second-best-navigation-trend-recommendations&reco_item_pos=2&reco_backend_type=function&reco_id=dd2656ba-4fdd-4722-8629-bffeb2513d79&wid=MLB3473914083&sid=recos&c_id=/home/second-best-navigation-trend-recommendations/element&c_uid=98c0811c-d0e0-4eb8-8cf5-4daad3175a16"
[30/04/2025::09:57:38] READ "https://produto.mercadolivre.com.br/MLB-3473914083-mini-piano-com-bailarina-caixinha-de-musica-decorativa-_JM#polycard_client=recommendations_home_second-best-navigation-trend-recommendations&reco_backend=machinalis-homes-univb&reco_client=home_second-best-navigation-trend-recommendations&reco_item_pos=2&reco_backend_type=function&reco_id=dd2656ba-4fdd-4722-8629-bffeb2513d79&wid=MLB3473914083&sid=recos&c_id=/home/second-best-navigation-trend-recommendations/element&c_uid=98c0811c-d0e0-4eb8-8cf5-4daad3175a16"
[30/04/2025::09:59:39] [TRY] READ "https://produto.mercadolivre.com.br/MLB-3473914083-mini-piano-com-bailarina-caixinha-de-musica-decorativa-_JM#polycard_client=recommendations_home_second-best-navigation-trend-recommendations&reco_backend=machinalis-homes-univb&reco_client=home_second-best-navigation-trend-recommendations&reco_item_pos=2&reco_backend_type=function&reco_id=dd2656ba-4fdd-4722-8629-bffeb2513d79&wid=MLB3473914083&sid=recos&c_id=/home/second-best-navigation-trend-recommendations/element&c_uid=98c0811c-d0e0-4eb8-8cf5-4daad3175a16"
[30/04/2025::09:59:41] READ "https://produto.mercadolivre.com.br/MLB-3473914083-mini-piano-com-bailarina-caixinha-de-musica-decorativa-_JM#polycard_client=recommendations_home_second-best-navigation-trend-recommendations&reco_backend=machinalis-homes-univb&reco_client=home_second-best-navigation-trend-recommendations&reco_item_pos=2&reco_backend_type=function&reco_id=dd2656ba-4fdd-4722-8629-bffeb2513d79&wid=MLB3473914083&sid=recos&c_id=/home/second-best-navigation-trend-recommendations/element&c_uid=98c0811c-d0e0-4eb8-8cf5-4daad3175a16"
[30/04/2025::10:00:32] [TRY] READ "https://produto.mercadolivre.com.br/MLB-3473914083-mini-piano-com-bailarina-caixinha-de-musica-decorativa-_JM#polycard_client=recommendations_home_second-best-navigation-trend-recommendations&reco_backend=machinalis-homes-univb&reco_client=home_second-best-navigation-trend-recommendations&reco_item_pos=2&reco_backend_type=function&reco_id=dd2656ba-4fdd-4722-8629-bffeb2513d79&wid=MLB3473914083&sid=recos&c_id=/home/second-best-navigation-trend-recommendations/element&c_uid=98c0811c-d0e0-4eb8-8cf5-4daad3175a16"
[30/04/2025::10:00:34] READ "https://produto.mercadolivre.com.br/MLB-3473914083-mini-piano-com-bailarina-caixinha-de-musica-decorativa-_JM#polycard_client=recommendations_home_second-best-navigation-trend-recommendations&reco_backend=machinalis-homes-univb&reco_client=home_second-best-navigation-trend-recommendations&reco_item_pos=2&reco_backend_type=function&reco_id=dd2656ba-4fdd-4722-8629-bffeb2513d79&wid=MLB3473914083&sid=recos&c_id=/home/second-best-navigation-trend-recommendations/element&c_uid=98c0811c-d0e0-4eb8-8cf5-4daad3175a16"
[30/04/2025::17:01:38] [TRY] READ "https://www.amazon.com.br/Smartphone-Samsung-Galaxy-Selfie-1-120Hz/dp/B0CQD9VK7X/ref=sr_1_1_sspa?_encoding=UTF8&sr=8-1-spons&sp_csd=d2lkZ2V0TmFtZT1zcF9hdGY"
[30/04/2025::17:01:57] ERROR: Message: 
Stacktrace:
#0 0x5fd0b68e77fa <unknown>
#1 0x5fd0b638be90 <unknown>
#2 0x5fd0b63dd870 <unknown>
#3 0x5fd0b63dda61 <unknown>
#4 0x5fd0b642bcb4 <unknown>
#5 0x5fd0b640326d <unknown>
#6 0x5fd0b6429135 <unknown>
#7 0x5fd0b6403013 <unknown>
#8 0x5fd0b63cfb3b <unknown>
#9 0x5fd0b63d07a1 <unknown>
#10 0x5fd0b68acb9b <unknown>
#11 0x5fd0b68b0a8a <unknown>
#12 0x5fd0b6894912 <unknown>
#13 0x5fd0b68b1604 <unknown>
#14 0x5fd0b687974f <unknown>
#15 0x5fd0b68d5678 <unknown>
#16 0x5fd0b68d5856 <unknown>
#17 0x5fd0b68e6666 <unknown>
#18 0x77fd82b9b7eb <unknown>
#19 0x77fd82c1f18c <unknown>

[01/05/2025::16:09:52] [TRY] READ "https://www.amazon.com.br/Smartphone-Samsung-Galaxy-Selfie-1-120Hz/dp/B0CQD9VK7X/ref=sr_1_1_sspa?_encoding=UTF8&sr=8-1-spons&sp_csd=d2lkZ2V0TmFtZT1zcF9hdGY"
[01/05/2025::16:09:59] READ "https://www.amazon.com.br/Smartphone-Samsung-Galaxy-Selfie-1-120Hz/dp/B0CQD9VK7X/ref=sr_1_1_sspa?_encoding=UTF8&sr=8-1-spons&sp_csd=d2lkZ2V0TmFtZT1zcF9hdGY"
[01/05/2025::16:10:23] [TRY] READ "https://www.amazon.com.br/Smartphone-Samsung-Galaxy-Selfie-1-120Hz/dp/B0CQD9VK7X/ref=sr_1_1_sspa?_encoding=UTF8&sr=8-1-spons&sp_csd=d2lkZ2V0TmFtZT1zcF9hdGY"
[01/05/2025::16:10:26] READ "https://www.amazon.com.br/Smartphone-Samsung-Galaxy-Selfie-1-120Hz/dp/B0CQD9VK7X/ref=sr_1_1_sspa?_encoding=UTF8&sr=8-1-spons&sp_csd=d2lkZ2V0TmFtZT1zcF9hdGY"
[01/05/2025::16:10:39] [TRY] READ "https://www.amazon.com.br/Smartphone-Samsung-Galaxy-Selfie-1-120Hz/dp/B0CQD9VK7X/ref=sr_1_1_sspa?_encoding=UTF8&sr=8-1-spons&sp_csd=d2lkZ2V0TmFtZT1zcF9hdGY"
[01/05/2025::16:10:43] READ "https://www.amazon.com.br/Smartphone-Samsung-Galaxy-Selfie-1-120Hz/dp/B0CQD9VK7X/ref=sr_1_1_sspa?_encoding=UTF8&sr=8-1-spons&sp_csd=d2lkZ2V0TmFtZT1zcF9hdGY"
[01/05/2025::16:11:15] [TRY] READ "https://www.amazon.com.br/Smartphone-Samsung-Galaxy-Selfie-1-120Hz/dp/B0CQD9VK7X/ref=sr_1_1_sspa?_encoding=UTF8&sr=8-1-spons&sp_csd=d2lkZ2V0TmFtZT1zcF9hdGY"
[01/05/2025::16:11:19] READ "https://www.amazon.com.br/Smartphone-Samsung-Galaxy-Selfie-1-120Hz/dp/B0CQD9VK7X/ref=sr_1_1_sspa?_encoding=UTF8&sr=8-1-spons&sp_csd=d2lkZ2V0TmFtZT1zcF9hdGY"
[01/05/2025::16:12:04] [TRY] READ "https://www.amazon.com.br/Smartphone-Samsung-Galaxy-Selfie-1-120Hz/dp/B0CQD9VK7X/ref=sr_1_1_sspa?_encoding=UTF8&sr=8-1-spons&sp_csd=d2lkZ2V0TmFtZT1zcF9hdGY"
[01/05/2025::16:12:07] READ "https://www.amazon.com.br/Smartphone-Samsung-Galaxy-Selfie-1-120Hz/dp/B0CQD9VK7X/ref=sr_1_1_sspa?_encoding=UTF8&sr=8-1-spons&sp_csd=d2lkZ2V0TmFtZT1zcF9hdGY"
[01/05/2025::16:19:15] [TRY] READ "https://www.amazon.com.br/Smartphone-Samsung-Galaxy-Selfie-1-120Hz/dp/B0CQD9VK7X/ref=sr_1_1_sspa?_encoding=UTF8&sr=8-1-spons&sp_csd=d2lkZ2V0TmFtZT1zcF9hdGY"
[01/05/2025::16:19:19] ERROR: could not convert string to float: '6.498,90'
[01/05/2025::16:19:19] READ "https://www.amazon.com.br/Smartphone-Samsung-Galaxy-Selfie-1-120Hz/dp/B0CQD9VK7X/ref=sr_1_1_sspa?_encoding=UTF8&sr=8-1-spons&sp_csd=d2lkZ2V0TmFtZT1zcF9hdGY"
[01/05/2025::16:24:49] [TRY] READ "https://www.amazon.com.br/Smartphone-Samsung-Galaxy-Selfie-1-120Hz/dp/B0CQD9VK7X/ref=sr_1_1_sspa?_encoding=UTF8&sr=8-1-spons&sp_csd=d2lkZ2V0TmFtZT1zcF9hdGY"
[01/05/2025::16:24:53] READ "https://www.amazon.com.br/Smartphone-Samsung-Galaxy-Selfie-1-120Hz/dp/B0CQD9VK7X/ref=sr_1_1_sspa?_encoding=UTF8&sr=8-1-spons&sp_csd=d2lkZ2V0TmFtZT1zcF9hdGY"
[01/05/2025::16:25:20] [TRY] READ "https://www.amazon.com.br/Smartphone-Samsung-Galaxy-Selfie-1-120Hz/dp/B0CQD9VK7X/ref=sr_1_1_sspa?_encoding=UTF8&sr=8-1-spons&sp_csd=d2lkZ2V0TmFtZT1zcF9hdGY"
[01/05/2025::16:25:24] READ "https://www.amazon.com.br/Smartphone-Samsung-Galaxy-Selfie-1-120Hz/dp/B0CQD9VK7X/ref=sr_1_1_sspa?_encoding=UTF8&sr=8-1-spons&sp_csd=d2lkZ2V0TmFtZT1zcF9hdGY"
[01/05/2025::16:25:53] [TRY] READ "https://www.amazon.com.br/Smartphone-Samsung-Galaxy-Selfie-1-120Hz/dp/B0CQD9VK7X/ref=sr_1_1_sspa?_encoding=UTF8&sr=8-1-spons&sp_csd=d2lkZ2V0TmFtZT1zcF9hdGY"
[01/05/2025::16:25:57] ERROR: could not convert string to float: '6.498,90'
[01/05/2025::16:25:57] READ "https://www.amazon.com.br/Smartphone-Samsung-Galaxy-Selfie-1-120Hz/dp/B0CQD9VK7X/ref=sr_1_1_sspa?_encoding=UTF8&sr=8-1-spons&sp_csd=d2lkZ2V0TmFtZT1zcF9hdGY"
[01/05/2025::16:27:32] [TRY] READ "https://www.amazon.com.br/Smartphone-Samsung-Galaxy-Selfie-1-120Hz/dp/B0CQD9VK7X/ref=sr_1_1_sspa?_encoding=UTF8&sr=8-1-spons&sp_csd=d2lkZ2V0TmFtZT1zcF9hdGY"
[01/05/2025::16:27:36] READ "https://www.amazon.com.br/Smartphone-Samsung-Galaxy-Selfie-1-120Hz/dp/B0CQD9VK7X/ref=sr_1_1_sspa?_encoding=UTF8&sr=8-1-spons&sp_csd=d2lkZ2V0TmFtZT1zcF9hdGY"
[01/05/2025::16:27:59] [TRY] READ "https://www.amazon.com.br/Smartphone-Samsung-Galaxy-Selfie-1-120Hz/dp/B0CQD9VK7X/ref=sr_1_1_sspa?_encoding=UTF8&sr=8-1-spons&sp_csd=d2lkZ2V0TmFtZT1zcF9hdGY"
[01/05/2025::16:28:03] READ "https://www.amazon.com.br/Smartphone-Samsung-Galaxy-Selfie-1-120Hz/dp/B0CQD9VK7X/ref=sr_1_1_sspa?_encoding=UTF8&sr=8-1-spons&sp_csd=d2lkZ2V0TmFtZT1zcF9hdGY"
[01/05/2025::16:29:07] [TRY] READ "https://www.amazon.com.br/Smartphone-Samsung-Galaxy-Selfie-1-120Hz/dp/B0CQD9VK7X/ref=sr_1_1_sspa?_encoding=UTF8&sr=8-1-spons&sp_csd=d2lkZ2V0TmFtZT1zcF9hdGY"
[01/05/2025::16:29:11] READ "https://www.amazon.com.br/Smartphone-Samsung-Galaxy-Selfie-1-120Hz/dp/B0CQD9VK7X/ref=sr_1_1_sspa?_encoding=UTF8&sr=8-1-spons&sp_csd=d2lkZ2V0TmFtZT1zcF9hdGY"
[01/05/2025::16:29:30] [TRY] READ "https://www.amazon.com.br/Smartphone-Samsung-Galaxy-Selfie-1-120Hz/dp/B0CQD9VK7X/ref=sr_1_1_sspa?_encoding=UTF8&sr=8-1-spons&sp_csd=d2lkZ2V0TmFtZT1zcF9hdGY"
[01/05/2025::16:29:33] READ "https://www.amazon.com.br/Smartphone-Samsung-Galaxy-Selfie-1-120Hz/dp/B0CQD9VK7X/ref=sr_1_1_sspa?_encoding=UTF8&sr=8-1-spons&sp_csd=d2lkZ2V0TmFtZT1zcF9hdGY"
[01/05/2025::16:31:31] [TRY] READ "https://www.amazon.com.br/Smartphone-Samsung-Galaxy-Selfie-1-120Hz/dp/B0CQD9VK7X/ref=sr_1_1_sspa?_encoding=UTF8&sr=8-1-spons&sp_csd=d2lkZ2V0TmFtZT1zcF9hdGY"
[01/05/2025::16:31:35] READ "https://www.amazon.com.br/Smartphone-Samsung-Galaxy-Selfie-1-120Hz/dp/B0CQD9VK7X/ref=sr_1_1_sspa?_encoding=UTF8&sr=8-1-spons&sp_csd=d2lkZ2V0TmFtZT1zcF9hdGY"
[01/05/2025::16:54:32] [TRY] READ "https://www.netshoes.com.br/p/chuteira-futsal-adidas-artilheira-v-unissex-roxo+branco-FB9-4054-022"
[01/05/2025::16:54:39] ERROR: name 'drive' is not defined
[01/05/2025::16:54:39] READ "https://www.netshoes.com.br/p/chuteira-futsal-adidas-artilheira-v-unissex-roxo+branco-FB9-4054-022"
[01/05/2025::16:58:46] [TRY] READ "https://www.netshoes.com.br/p/chuteira-futsal-adidas-artilheira-v-unissex-roxo+branco-FB9-4054-022"
[01/05/2025::16:58:51] ERROR: name 'drive' is not defined
[01/05/2025::16:58:51] READ "https://www.netshoes.com.br/p/chuteira-futsal-adidas-artilheira-v-unissex-roxo+branco-FB9-4054-022"
[01/05/2025::16:59:33] [TRY] READ "https://www.netshoes.com.br/p/chuteira-futsal-adidas-artilheira-v-unissex-roxo+branco-FB9-4054-022"
[01/05/2025::16:59:37] READ "https://www.netshoes.com.br/p/chuteira-futsal-adidas-artilheira-v-unissex-roxo+branco-FB9-4054-022"
[01/05/2025::17:00:11] [TRY] READ "https://www.netshoes.com.br/p/chuteira-futsal-adidas-artilheira-v-unissex-roxo+branco-FB9-4054-022"
[01/05/2025::17:00:16] READ "https://www.netshoes.com.br/p/chuteira-futsal-adidas-artilheira-v-unissex-roxo+branco-FB9-4054-022"
[01/05/2025::17:00:44] [TRY] READ "https://www.netshoes.com.br/p/chuteira-futsal-adidas-artilheira-v-unissex-roxo+branco-FB9-4054-022"
[01/05/2025::17:00:48] READ "https://www.netshoes.com.br/p/chuteira-futsal-adidas-artilheira-v-unissex-roxo+branco-FB9-4054-022"
[01/05/2025::17:02:40] [TRY] READ "https://www.netshoes.com.br/p/chuteira-futsal-adidas-artilheira-v-unissex-roxo+branco-FB9-4054-022"
[01/05/2025::17:02:45] READ "https://www.netshoes.com.br/p/chuteira-futsal-adidas-artilheira-v-unissex-roxo+branco-FB9-4054-022"
[01/05/2025::17:03:21] [TRY] READ "https://www.netshoes.com.br/p/chuteira-futsal-adidas-artilheira-v-unissex-roxo+branco-FB9-4054-022"
[01/05/2025::17:03:25] READ "https://www.netshoes.com.br/p/chuteira-futsal-adidas-artilheira-v-unissex-roxo+branco-FB9-4054-022"
[01/05/2025::17:05:25] [TRY] READ "https://www.netshoes.com.br/p/chuteira-futsal-adidas-artilheira-v-unissex-roxo+branco-FB9-4054-022"
[01/05/2025::17:05:29] READ "https://www.netshoes.com.br/p/chuteira-futsal-adidas-artilheira-v-unissex-roxo+branco-FB9-4054-022"
[01/05/2025::17:05:59] [TRY] READ "https://www.netshoes.com.br/p/chuteira-futsal-adidas-artilheira-v-unissex-roxo+branco-FB9-4054-022"
[01/05/2025::17:06:03] READ "https://www.netshoes.com.br/p/chuteira-futsal-adidas-artilheira-v-unissex-roxo+branco-FB9-4054-022"
[01/05/2025::17:12:44] [TRY] READ "https://www.netshoes.com.br/p/chuteira-futsal-adidas-artilheira-v-unissex-roxo+branco-FB9-4054-022"
[01/05/2025::17:12:51] READ "https://www.netshoes.com.br/p/chuteira-futsal-adidas-artilheira-v-unissex-roxo+branco-FB9-4054-022"
[01/05/2025::17:13:55] [TRY] READ "https://www.netshoes.com.br/p/chuteira-futsal-adidas-artilheira-v-unissex-roxo+branco-FB9-4054-022"
[01/05/2025::17:14:00] ERROR: type object 'By' has no attribute 'CLASS_SELECTOR'
[01/05/2025::17:14:00] READ "https://www.netshoes.com.br/p/chuteira-futsal-adidas-artilheira-v-unissex-roxo+branco-FB9-4054-022"
[01/05/2025::17:14:25] [TRY] READ "https://www.netshoes.com.br/p/chuteira-futsal-adidas-artilheira-v-unissex-roxo+branco-FB9-4054-022"
[01/05/2025::17:14:29] READ "https://www.netshoes.com.br/p/chuteira-futsal-adidas-artilheira-v-unissex-roxo+branco-FB9-4054-022"
[01/05/2025::17:19:45] [TRY] READ "https://www.netshoes.com.br/p/chuteira-futsal-adidas-artilheira-v-unissex-roxo+branco-FB9-4054-022"
[01/05/2025::17:19:50] READ "https://www.netshoes.com.br/p/chuteira-futsal-adidas-artilheira-v-unissex-roxo+branco-FB9-4054-022"
[01/05/2025::17:20:23] [TRY] READ "https://www.netshoes.com.br/p/chuteira-futsal-adidas-artilheira-v-unissex-roxo+branco-FB9-4054-022"
[01/05/2025::17:20:27] READ "https://www.netshoes.com.br/p/chuteira-futsal-adidas-artilheira-v-unissex-roxo+branco-FB9-4054-022"
[01/05/2025::17:20:36] [TRY] READ "https://www.netshoes.com.br/p/chuteira-futsal-adidas-artilheira-v-unissex-roxo+branco-FB9-4054-022"
[01/05/2025::17:20:41] READ "https://www.netshoes.com.br/p/chuteira-futsal-adidas-artilheira-v-unissex-roxo+branco-FB9-4054-022"
[01/05/2025::17:21:14] [TRY] READ "https://www.netshoes.com.br/p/chuteira-futsal-adidas-artilheira-v-unissex-roxo+branco-FB9-4054-022"
[01/05/2025::17:21:20] READ "https://www.netshoes.com.br/p/chuteira-futsal-adidas-artilheira-v-unissex-roxo+branco-FB9-4054-022"
[07/05/2025::14:29:54] [TRY] READ "https://www.netshoes.com.br/p/tenis-goon-charge-masculino-preto+branco-N9L-0005-026"
[07/05/2025::14:30:20] READ "https://www.netshoes.com.br/p/tenis-goon-charge-masculino-preto+branco-N9L-0005-026"
[07/05/2025::14:31:08] [TRY] READ "https://www.netshoes.com.br/p/tenis-goon-charge-masculino-preto+branco-N9L-0005-026"
[07/05/2025::14:31:19] READ "https://www.netshoes.com.br/p/tenis-goon-charge-masculino-preto+branco-N9L-0005-026"
[07/05/2025::14:32:10] [TRY] READ "https://www.netshoes.com.br/p/tenis-goon-charge-masculino-preto+branco-N9L-0005-026"
[07/05/2025::14:32:20] READ "https://www.netshoes.com.br/p/tenis-goon-charge-masculino-preto+branco-N9L-0005-026"
[07/05/2025::14:36:34] [TRY] READ "https://www.netshoes.com.br/p/tenis-goon-charge-masculino-preto+branco-N9L-0005-026"
[07/05/2025::14:36:40] ERROR: 'WebElement' object is not subscriptable
[07/05/2025::14:36:40] READ "https://www.netshoes.com.br/p/tenis-goon-charge-masculino-preto+branco-N9L-0005-026"
[07/05/2025::14:37:59] [TRY] READ "https://www.netshoes.com.br/p/tenis-goon-charge-masculino-preto+branco-N9L-0005-026"
[07/05/2025::14:38:03] ERROR: 'WebElement' object is not subscriptable
[07/05/2025::14:38:03] READ "https://www.netshoes.com.br/p/tenis-goon-charge-masculino-preto+branco-N9L-0005-026"
[19/05/2025::14:59:35] [TRY] READ "https://www.amazon.com.br/NAUTICA-Voyage-N83-Toilette-Spray/dp/B07GJ67M26/?_encoding=UTF8&ref_=pd_hp_d_atf_ci_mcx_mr_ca_hp_atf_d"
[19/05/2025::15:00:19] ERROR: Message: 
Stacktrace:
#0 0x5f9eceecc75a <unknown>
#1 0x5f9ece96f0a0 <unknown>
#2 0x5f9ece9c09b0 <unknown>
#3 0x5f9ece9c0ba1 <unknown>
#4 0x5f9ecea0eea4 <unknown>
#5 0x5f9ece9e63cd <unknown>
#6 0x5f9ecea0c2a0 <unknown>
#7 0x5f9ece9e6173 <unknown>
#8 0x5f9ece9b2d4b <unknown>
#9 0x5f9ece9b39b1 <unknown>
#10 0x5f9ecee9190b <unknown>
#11 0x5f9ecee9580a <unknown>
#12 0x5f9ecee79662 <unknown>
#13 0x5f9ecee96394 <unknown>
#14 0x5f9ecee5e49f <unknown>
#15 0x5f9eceeba538 <unknown>
#16 0x5f9eceeba716 <unknown>
#17 0x5f9eceecb5c6 <unknown>
#18 0x728ec383e7eb <unknown>
#19 0x728ec38c218c <unknown>

[19/05/2025::15:00:20] FAIL READ "https://www.amazon.com.br/NAUTICA-Voyage-N83-Toilette-Spray/dp/B07GJ67M26/?_encoding=UTF8&ref_=pd_hp_d_atf_ci_mcx_mr_ca_hp_atf_d"
[19/05/2025::15:01:02] [TRY] READ "https://www.amazon.com.br/NAUTICA-Voyage-N83-Toilette-Spray/dp/B07GJ67M26/?_encoding=UTF8&ref_=pd_hp_d_atf_ci_mcx_mr_ca_hp_atf_d"
[19/05/2025::15:01:16] ERROR: Message: 
Stacktrace:
#0 0x5b00965f075a <unknown>
#1 0x5b00960930a0 <unknown>
#2 0x5b00960e49b0 <unknown>
#3 0x5b00960e4ba1 <unknown>
#4 0x5b0096132ea4 <unknown>
#5 0x5b009610a3cd <unknown>
#6 0x5b00961302a0 <unknown>
#7 0x5b009610a173 <unknown>
#8 0x5b00960d6d4b <unknown>
#9 0x5b00960d79b1 <unknown>
#10 0x5b00965b590b <unknown>
#11 0x5b00965b980a <unknown>
#12 0x5b009659d662 <unknown>
#13 0x5b00965ba394 <unknown>
#14 0x5b009658249f <unknown>
#15 0x5b00965de538 <unknown>
#16 0x5b00965de716 <unknown>
#17 0x5b00965ef5c6 <unknown>
#18 0x709ab03277eb <unknown>
#19 0x709ab03ab18c <unknown>

[19/05/2025::15:01:16] FAIL READ "https://www.amazon.com.br/NAUTICA-Voyage-N83-Toilette-Spray/dp/B07GJ67M26/?_encoding=UTF8&ref_=pd_hp_d_atf_ci_mcx_mr_ca_hp_atf_d"
[21/05/2025::10:14:39] [TRY] READ "https://www.mercadolivre.com.br/apple-iphone-12-128-gb-preto/p/MLB16163653#reco_item_pos=2&reco_backend=item_decorator&reco_backend_type=function&reco_client=home_items-decorator-legacy&reco_id=d560e452-c6e2-4f3a-b7c8-90eb69cdfcf3&reco_model=&c_id=/home/navigation-trends-recommendations/element&c_uid=041d9889-3710-406a-ad3f-39b033ae7c92&da_id=navigation_trend&da_position=2&id_origin=/home/dynamic_access&da_sort_algorithm=ranker"
[21/05/2025::10:14:44] READ "https://www.mercadolivre.com.br/apple-iphone-12-128-gb-preto/p/MLB16163653#reco_item_pos=2&reco_backend=item_decorator&reco_backend_type=function&reco_client=home_items-decorator-legacy&reco_id=d560e452-c6e2-4f3a-b7c8-90eb69cdfcf3&reco_model=&c_id=/home/navigation-trends-recommendations/element&c_uid=041d9889-3710-406a-ad3f-39b033ae7c92&da_id=navigation_trend&da_position=2&id_origin=/home/dynamic_access&da_sort_algorithm=ranker"
[21/05/2025::10:15:26] [TRY] READ "https://www.amazon.com.br/Perfume-Masculino-Natura-Homem-Original/dp/B08K39GBK6/?_encoding=UTF8&ref_=pd_hp_d_atf_ci_mcx_mr_ca_hp_atf_d"
[21/05/2025::10:16:29] READ "https://www.amazon.com.br/Perfume-Masculino-Natura-Homem-Original/dp/B08K39GBK6/?_encoding=UTF8&ref_=pd_hp_d_atf_ci_mcx_mr_ca_hp_atf_d"
[21/05/2025::10:16:55] [TRY] READ "https://www.netshoes.com.br/p/tenis-adidas-duramo-rc-verde+preto-FB8-8808-260"
[21/05/2025::10:17:59] READ "https://www.netshoes.com.br/p/tenis-adidas-duramo-rc-verde+preto-FB8-8808-260"
[21/05/2025::10:18:27] [TRY] READ "https://www.mercadolivre.com.br/p/MLB24158596?pdp_filters=item_id:MLB3749239772#cart_referer=item#source=shopping_cart"
[21/05/2025::10:18:30] READ "https://www.mercadolivre.com.br/p/MLB24158596?pdp_filters=item_id:MLB3749239772#cart_referer=item#source=shopping_cart"
[21/05/2025::10:26:21] [TRY] READ "https://www.mercadolivre.com.br/cozzilar-fundo-infinito-lisa-verde/p/MLB24158596?product_trigger_id=MLB24158594&pdp_filters=item_id%3AMLB3749239772&applied_product_filters=MLB24158596&quantity=1"
[21/05/2025::10:26:24] READ "https://www.mercadolivre.com.br/cozzilar-fundo-infinito-lisa-verde/p/MLB24158596?product_trigger_id=MLB24158594&pdp_filters=item_id%3AMLB3749239772&applied_product_filters=MLB24158596&quantity=1"
[21/05/2025::14:33:58] [TRY] READ "https://www.amazon.com.br/Natura-Homem-DOM-100/dp/B07WDZGYBS/?_encoding=UTF8&ref_=pd_hp_d_atf_ci_mcx_mr_ca_hp_atf_d"
[21/05/2025::14:34:27] READ "https://www.amazon.com.br/Natura-Homem-DOM-100/dp/B07WDZGYBS/?_encoding=UTF8&ref_=pd_hp_d_atf_ci_mcx_mr_ca_hp_atf_d"
[21/05/2025::14:45:36] [TRY] READ "https://www.amazon.com.br/Natura-Homem-DOM-100/dp/B07WDZGYBS/?_encoding=UTF8&ref_=pd_hp_d_atf_ci_mcx_mr_ca_hp_atf_d"
[21/05/2025::14:45:41] ERROR: Message: invalid session id: session deleted as the browser has closed the connection
from disconnected: not connected to DevTools
  (Session info: chrome=136.0.7103.113)
Stacktrace:
#0 0x5ef7f198a71a <unknown>
#1 0x5ef7f142d0a0 <unknown>
#2 0x5ef7f14138ae <unknown>
#3 0x5ef7f143bbe9 <unknown>
#4 0x5ef7f14accef <unknown>
#5 0x5ef7f14c9c3c <unknown>
#6 0x5ef7f14a4173 <unknown>
#7 0x5ef7f1470d4b <unknown>
#8 0x5ef7f14719b1 <unknown>
#9 0x5ef7f194f8cb <unknown>
#10 0x5ef7f19537ca <unknown>
#11 0x5ef7f1937622 <unknown>
#12 0x5ef7f1954354 <unknown>
#13 0x5ef7f191c45f <unknown>
#14 0x5ef7f19784f8 <unknown>
#15 0x5ef7f19786d6 <unknown>
#16 0x5ef7f1989586 <unknown>
#17 0x764ad3f1f7eb <unknown>
#18 0x764ad3fa318c <unknown>

[21/05/2025::14:45:41] FAIL READ "https://www.amazon.com.br/Natura-Homem-DOM-100/dp/B07WDZGYBS/?_encoding=UTF8&ref_=pd_hp_d_atf_ci_mcx_mr_ca_hp_atf_d"
[21/05/2025::14:45:54] [TRY] READ "https://www.mercadolivre.com.br/tecido-fundo-infinito-2x15m-estudio-fotografico-chroma-pano-cor-verde-cozzilar/p/MLB24158596#reco_item_pos=0&reco_backend=item_decorator&reco_backend_type=function&reco_client=home_items-decorator-legacy&reco_id=80b4b848-99d4-4d9d-a31b-bc55e355aec9&reco_model=&c_id=/home/navigation-recommendations-seed/element&c_uid=c8c83e1b-b866-4447-8a11-de98d41e3ee6&da_id=navigation&da_position=0&id_origin=/home/dynamic_access&da_sort_algorithm=ranker"
[21/05/2025::14:45:56] READ "https://www.mercadolivre.com.br/tecido-fundo-infinito-2x15m-estudio-fotografico-chroma-pano-cor-verde-cozzilar/p/MLB24158596#reco_item_pos=0&reco_backend=item_decorator&reco_backend_type=function&reco_client=home_items-decorator-legacy&reco_id=80b4b848-99d4-4d9d-a31b-bc55e355aec9&reco_model=&c_id=/home/navigation-recommendations-seed/element&c_uid=c8c83e1b-b866-4447-8a11-de98d41e3ee6&da_id=navigation&da_position=0&id_origin=/home/dynamic_access&da_sort_algorithm=ranker"
[21/05/2025::14:51:11] [TRY] READ "https://www.mercadolivre.com.br/tecido-fundo-infinito-2x15m-estudio-fotografico-chroma-pano-cor-verde-cozzilar/p/MLB24158596#reco_item_pos=0&reco_backend=item_decorator&reco_backend_type=function&reco_client=home_items-decorator-legacy&reco_id=80b4b848-99d4-4d9d-a31b-bc55e355aec9&reco_model=&c_id=/home/navigation-recommendations-seed/element&c_uid=c8c83e1b-b866-4447-8a11-de98d41e3ee6&da_id=navigation&da_position=0&id_origin=/home/dynamic_access&da_sort_algorithm=ranker"
[21/05/2025::14:51:14] READ "https://www.mercadolivre.com.br/tecido-fundo-infinito-2x15m-estudio-fotografico-chroma-pano-cor-verde-cozzilar/p/MLB24158596#reco_item_pos=0&reco_backend=item_decorator&reco_backend_type=function&reco_client=home_items-decorator-legacy&reco_id=80b4b848-99d4-4d9d-a31b-bc55e355aec9&reco_model=&c_id=/home/navigation-recommendations-seed/element&c_uid=c8c83e1b-b866-4447-8a11-de98d41e3ee6&da_id=navigation&da_position=0&id_origin=/home/dynamic_access&da_sort_algorithm=ranker"
